<?xml version="1.0" encoding="UTF-8"?>
<!-- Generated by org.testng.reporters.JUnitXMLReporter -->
<testsuite ignored="6" hostname="DESKTOP-6V4BN1U" failures="0" tests="1" name="Test" time="229.022" errors="0" timestamp="2023-06-28T16:14:21 IST">
  <testcase classname="com.framework.android.testcases.topicsTests.TopicWidgetTest" name="TC_054_055_verifyManageTopicsPage" time="125.714"/>
  <testcase classname="com.framework.android.testcases.topicsTests.TopicWidgetTest" name="TC_053_verifyTopicsWidgetInFeedPage" time="0.0">
    <ignored/>
  </testcase> <!-- TC_053_verifyTopicsWidgetInFeedPage -->
  <testcase classname="com.framework.android.testcases.topicsTests.TopicWidgetTest" name="TC_049_verifyTopicViewMorePage" time="0.0">
    <ignored/>
  </testcase> <!-- TC_049_verifyTopicViewMorePage -->
  <testcase classname="com.framework.android.testcases.topicsTests.TopicWidgetTest" name="verifyTopicWidgetPage" time="0.0">
    <ignored/>
  </testcase> <!-- verifyTopicWidgetPage -->
  <testcase classname="com.framework.android.testcases.topicsTests.TopicWidgetTest" name="verifyTopicWidget" time="0.0">
    <ignored/>
  </testcase> <!-- verifyTopicWidget -->
  <testcase classname="com.framework.android.testcases.topicsTests.TopicWidgetTest" name="TC_050_051_verifyTopicTabPage" time="0.0">
    <ignored/>
  </testcase> <!-- TC_050_051_verifyTopicTabPage -->
  <testcase classname="com.framework.android.testcases.topicsTests.TopicWidgetTest" name="verifyAllAndFollowTopics" time="0.0">
    <ignored/>
  </testcase> <!-- verifyAllAndFollowTopics -->
</testsuite> <!-- Test -->
