<?xml version="1.0" encoding="UTF-8"?>
<!-- Generated by org.testng.reporters.JUnitXMLReporter -->
<testsuite ignored="6" hostname="DESKTOP-N4P7BLC" failures="0" tests="1" name="Test" time="152.493" errors="0" timestamp="2023-06-25T20:59:20 IST">
  <testcase classname="com.framework.android.testcases.topicsTests.TopicWidgetTest" name="TC_50_51_verifyTopicTabPage" time="128.017"/>
  <testcase classname="com.framework.android.testcases.topicsTests.TopicWidgetTest" name="verifyManageTopicsPage" time="0.0">
    <ignored/>
  </testcase> <!-- verifyManageTopicsPage -->
  <testcase classname="com.framework.android.testcases.topicsTests.TopicWidgetTest" name="verifyTopicWidgetPage" time="0.0">
    <ignored/>
  </testcase> <!-- verifyTopicWidgetPage -->
  <testcase classname="com.framework.android.testcases.topicsTests.TopicWidgetTest" name="verifyTopicsWidgetInFeedPage" time="0.0">
    <ignored/>
  </testcase> <!-- verifyTopicsWidgetInFeedPage -->
  <testcase classname="com.framework.android.testcases.topicsTests.TopicWidgetTest" name="verifyTopicWidget" time="0.0">
    <ignored/>
  </testcase> <!-- verifyTopicWidget -->
  <testcase classname="com.framework.android.testcases.topicsTests.TopicWidgetTest" name="verifyAllAndFollowTopics" time="0.0">
    <ignored/>
  </testcase> <!-- verifyAllAndFollowTopics -->
  <testcase classname="com.framework.android.testcases.topicsTests.TopicWidgetTest" name="verifyTopicViewMorePage" time="0.0">
    <ignored/>
  </testcase> <!-- verifyTopicViewMorePage -->
</testsuite> <!-- Test -->
