<?xml version="1.0" encoding="UTF-8"?>
<testng-results ignored="6" total="7" passed="1" failed="0" skipped="0">
  <reporter-output>
  </reporter-output>
  <suite started-at="2023-06-28T16:10:32 IST" name="Suite" finished-at="2023-06-28T16:14:21 IST" duration-ms="229022">
    <groups>
      <group name="Topics">
        <method signature="TopicWidgetTest.TC_054_055_verifyManageTopicsPage(java.lang.String)[pri:0, instance:com.framework.android.testcases.topicsTests.TopicWidgetTest@3e694b3f]" name="TC_054_055_verifyManageTopicsPage" class="com.framework.android.testcases.topicsTests.TopicWidgetTest"/>
      </group> <!-- Topics -->
      <group name="regression">
        <method signature="TopicWidgetTest.TC_054_055_verifyManageTopicsPage(java.lang.String)[pri:0, instance:com.framework.android.testcases.topicsTests.TopicWidgetTest@3e694b3f]" name="TC_054_055_verifyManageTopicsPage" class="com.framework.android.testcases.topicsTests.TopicWidgetTest"/>
      </group> <!-- regression -->
    </groups>
    <test started-at="2023-06-28T16:10:32 IST" name="Test" finished-at="2023-06-28T16:14:21 IST" duration-ms="229022">
      <class name="com.framework.android.testcases.topicsTests.TopicWidgetTest">
        <test-method is-config="true" signature="suiteSetup()[pri:0, instance:com.framework.android.testcases.topicsTests.TopicWidgetTest@3e694b3f]" started-at="2023-06-28T16:10:30 IST" name="suiteSetup" finished-at="2023-06-28T16:10:32 IST" duration-ms="1474" status="PASS">
          <reporter-output>
          </reporter-output>
        </test-method> <!-- suiteSetup -->
        <test-method is-config="true" signature="startReporting(java.lang.reflect.Method)[pri:0, instance:com.framework.android.testcases.topicsTests.TopicWidgetTest@3e694b3f]" started-at="2023-06-28T16:10:32 IST" name="startReporting" finished-at="2023-06-28T16:12:14 IST" duration-ms="102278" status="PASS">
          <params>
            <param index="0">
              <value>
                <![CDATA[public void com.framework.android.testcases.topicsTests.TopicWidgetTest.TC_054_055_verifyManageTopicsPage(java.lang.String)]]>
              </value>
            </param>
          </params>
          <reporter-output>
          </reporter-output>
        </test-method> <!-- startReporting -->
        <test-method signature="TC_054_055_verifyManageTopicsPage(java.lang.String)[pri:0, instance:com.framework.android.testcases.topicsTests.TopicWidgetTest@3e694b3f]" started-at="2023-06-28T16:12:14 IST" name="TC_054_055_verifyManageTopicsPage" description="[TC_054] Verify Manage Topics screen in own profile, &#039;All&#039; &amp; &#039;Following&#039; tabs should be present in that screen." data-provider="Languages" finished-at="2023-06-28T16:14:20 IST" duration-ms="125714" status="PASS">
          <params>
            <param index="0">
              <value>
                <![CDATA[English]]>
              </value>
            </param>
          </params>
          <reporter-output>
          </reporter-output>
        </test-method> <!-- TC_054_055_verifyManageTopicsPage -->
        <test-method is-config="true" signature="testResult(java.lang.reflect.Method,org.testng.ITestResult)[pri:0, instance:com.framework.android.testcases.topicsTests.TopicWidgetTest@3e694b3f]" started-at="2023-06-28T16:14:20 IST" name="testResult" finished-at="2023-06-28T16:14:21 IST" duration-ms="965" status="PASS">
          <params>
            <param index="0">
              <value>
                <![CDATA[public void com.framework.android.testcases.topicsTests.TopicWidgetTest.TC_054_055_verifyManageTopicsPage(java.lang.String)]]>
              </value>
            </param>
            <param index="1">
              <value>
                <![CDATA[[TestResult name=TC_054_055_verifyManageTopicsPage status=SUCCESS method=TopicWidgetTest.TC_054_055_verifyManageTopicsPage(java.lang.String)[pri:0, instance:com.framework.android.testcases.topicsTests.TopicWidgetTest@3e694b3f] output={null}]]]>
              </value>
            </param>
          </params>
          <reporter-output>
          </reporter-output>
        </test-method> <!-- testResult -->
        <test-method is-config="true" signature="generateResult()[pri:0, instance:com.framework.android.testcases.topicsTests.TopicWidgetTest@3e694b3f]" started-at="2023-06-28T16:14:24 IST" name="generateResult" finished-at="2023-06-28T16:14:24 IST" duration-ms="79" status="PASS">
          <reporter-output>
          </reporter-output>
        </test-method> <!-- generateResult -->
      </class> <!-- com.framework.android.testcases.topicsTests.TopicWidgetTest -->
    </test> <!-- Test -->
  </suite> <!-- Suite -->
</testng-results>
